Symlinking /home/filippo/catkin_ws/devel/share/gennodejs/ros/path_navigation_msgs/_index.js
Symlinking /home/filippo/catkin_ws/devel/share/gennodejs/ros/path_navigation_msgs/msg/TransformPathExecutionAction.js
Symlinking /home/filippo/catkin_ws/devel/share/gennodejs/ros/path_navigation_msgs/msg/TransformPathExecutionFeedback.js
Symlinking /home/filippo/catkin_ws/devel/share/gennodejs/ros/path_navigation_msgs/msg/PathExecutionAction.js
Symlinking /home/filippo/catkin_ws/devel/share/gennodejs/ros/path_navigation_msgs/msg/PathExecutionFeedback.js
Symlinking /home/filippo/catkin_ws/devel/share/gennodejs/ros/path_navigation_msgs/msg/TransformPathExecutionGoal.js
Symlinking /home/filippo/catkin_ws/devel/share/gennodejs/ros/path_navigation_msgs/msg/PathExecutionActionResult.js
Symlinking /home/filippo/catkin_ws/devel/share/gennodejs/ros/path_navigation_msgs/msg/_index.js
Symlinking /home/filippo/catkin_ws/devel/share/gennodejs/ros/path_navigation_msgs/msg/PathExecutionGoal.js
Symlinking /home/filippo/catkin_ws/devel/share/gennodejs/ros/path_navigation_msgs/msg/TransformPathExecutionResult.js
Symlinking /home/filippo/catkin_ws/devel/share/gennodejs/ros/path_navigation_msgs/msg/PathExecutionActionGoal.js
Symlinking /home/filippo/catkin_ws/devel/share/gennodejs/ros/path_navigation_msgs/msg/TransformPathExecutionActionResult.js
Symlinking /home/filippo/catkin_ws/devel/share/gennodejs/ros/path_navigation_msgs/msg/PathExecutionActionFeedback.js
Symlinking /home/filippo/catkin_ws/devel/share/gennodejs/ros/path_navigation_msgs/msg/PathExecutionResult.js
Symlinking /home/filippo/catkin_ws/devel/share/gennodejs/ros/path_navigation_msgs/msg/TransformPathExecutionActionGoal.js
Symlinking /home/filippo/catkin_ws/devel/share/gennodejs/ros/path_navigation_msgs/msg/TransformPathExecutionActionFeedback.js
Symlinking /home/filippo/catkin_ws/devel/share/common-lisp/ros/path_navigation_msgs/msg/path_navigation_msgs-msg.asd
Symlinking /home/filippo/catkin_ws/devel/share/common-lisp/ros/path_navigation_msgs/msg/PathExecutionActionGoal.lisp
Symlinking /home/filippo/catkin_ws/devel/share/common-lisp/ros/path_navigation_msgs/msg/_package_PathExecutionActionGoal.lisp
Symlinking /home/filippo/catkin_ws/devel/share/common-lisp/ros/path_navigation_msgs/msg/_package_TransformPathExecutionActionFeedback.lisp
Symlinking /home/filippo/catkin_ws/devel/share/common-lisp/ros/path_navigation_msgs/msg/_package_TransformPathExecutionGoal.lisp
Symlinking /home/filippo/catkin_ws/devel/share/common-lisp/ros/path_navigation_msgs/msg/TransformPathExecutionActionFeedback.lisp
Symlinking /home/filippo/catkin_ws/devel/share/common-lisp/ros/path_navigation_msgs/msg/TransformPathExecutionAction.lisp
Symlinking /home/filippo/catkin_ws/devel/share/common-lisp/ros/path_navigation_msgs/msg/PathExecutionAction.lisp
Symlinking /home/filippo/catkin_ws/devel/share/common-lisp/ros/path_navigation_msgs/msg/TransformPathExecutionGoal.lisp
Symlinking /home/filippo/catkin_ws/devel/share/common-lisp/ros/path_navigation_msgs/msg/PathExecutionActionFeedback.lisp
Symlinking /home/filippo/catkin_ws/devel/share/common-lisp/ros/path_navigation_msgs/msg/PathExecutionActionResult.lisp
Symlinking /home/filippo/catkin_ws/devel/share/common-lisp/ros/path_navigation_msgs/msg/_package.lisp
Symlinking /home/filippo/catkin_ws/devel/share/common-lisp/ros/path_navigation_msgs/msg/_package_PathExecutionResult.lisp
Symlinking /home/filippo/catkin_ws/devel/share/common-lisp/ros/path_navigation_msgs/msg/_package_PathExecutionAction.lisp
Symlinking /home/filippo/catkin_ws/devel/share/common-lisp/ros/path_navigation_msgs/msg/_package_TransformPathExecutionActionResult.lisp
Symlinking /home/filippo/catkin_ws/devel/share/common-lisp/ros/path_navigation_msgs/msg/_package_TransformPathExecutionAction.lisp
Symlinking /home/filippo/catkin_ws/devel/share/common-lisp/ros/path_navigation_msgs/msg/_package_TransformPathExecutionResult.lisp
Symlinking /home/filippo/catkin_ws/devel/share/common-lisp/ros/path_navigation_msgs/msg/TransformPathExecutionFeedback.lisp
Symlinking /home/filippo/catkin_ws/devel/share/common-lisp/ros/path_navigation_msgs/msg/_package_PathExecutionActionFeedback.lisp
Symlinking /home/filippo/catkin_ws/devel/share/common-lisp/ros/path_navigation_msgs/msg/TransformPathExecutionActionResult.lisp
Symlinking /home/filippo/catkin_ws/devel/share/common-lisp/ros/path_navigation_msgs/msg/PathExecutionResult.lisp
Symlinking /home/filippo/catkin_ws/devel/share/common-lisp/ros/path_navigation_msgs/msg/TransformPathExecutionActionGoal.lisp
Symlinking /home/filippo/catkin_ws/devel/share/common-lisp/ros/path_navigation_msgs/msg/PathExecutionFeedback.lisp
Symlinking /home/filippo/catkin_ws/devel/share/common-lisp/ros/path_navigation_msgs/msg/_package_PathExecutionGoal.lisp
Symlinking /home/filippo/catkin_ws/devel/share/common-lisp/ros/path_navigation_msgs/msg/_package_PathExecutionActionResult.lisp
Symlinking /home/filippo/catkin_ws/devel/share/common-lisp/ros/path_navigation_msgs/msg/_package_TransformPathExecutionFeedback.lisp
Symlinking /home/filippo/catkin_ws/devel/share/common-lisp/ros/path_navigation_msgs/msg/PathExecutionGoal.lisp
Symlinking /home/filippo/catkin_ws/devel/share/common-lisp/ros/path_navigation_msgs/msg/_package_PathExecutionFeedback.lisp
Symlinking /home/filippo/catkin_ws/devel/share/common-lisp/ros/path_navigation_msgs/msg/_package_TransformPathExecutionActionGoal.lisp
Symlinking /home/filippo/catkin_ws/devel/share/common-lisp/ros/path_navigation_msgs/msg/TransformPathExecutionResult.lisp
Symlinking /home/filippo/catkin_ws/devel/share/path_navigation_msgs/cmake/path_navigation_msgs-msg-paths.cmake
Symlinking /home/filippo/catkin_ws/devel/share/path_navigation_msgs/cmake/path_navigation_msgsConfig-version.cmake
Symlinking /home/filippo/catkin_ws/devel/share/path_navigation_msgs/cmake/path_navigation_msgs-msg-extras.cmake
Symlinking /home/filippo/catkin_ws/devel/share/path_navigation_msgs/cmake/path_navigation_msgsConfig.cmake
Symlinking /home/filippo/catkin_ws/devel/share/path_navigation_msgs/msg/TransformPathExecutionFeedback.msg
Symlinking /home/filippo/catkin_ws/devel/share/path_navigation_msgs/msg/TransformPathExecutionAction.msg
Symlinking /home/filippo/catkin_ws/devel/share/path_navigation_msgs/msg/PathExecutionActionResult.msg
Symlinking /home/filippo/catkin_ws/devel/share/path_navigation_msgs/msg/TransformPathExecutionActionFeedback.msg
Symlinking /home/filippo/catkin_ws/devel/share/path_navigation_msgs/msg/TransformPathExecutionActionResult.msg
Symlinking /home/filippo/catkin_ws/devel/share/path_navigation_msgs/msg/PathExecutionActionGoal.msg
Symlinking /home/filippo/catkin_ws/devel/share/path_navigation_msgs/msg/TransformPathExecutionGoal.msg
Symlinking /home/filippo/catkin_ws/devel/share/path_navigation_msgs/msg/TransformPathExecutionResult.msg
Symlinking /home/filippo/catkin_ws/devel/share/path_navigation_msgs/msg/PathExecutionResult.msg
Symlinking /home/filippo/catkin_ws/devel/share/path_navigation_msgs/msg/TransformPathExecutionActionGoal.msg
Symlinking /home/filippo/catkin_ws/devel/share/path_navigation_msgs/msg/PathExecutionAction.msg
Symlinking /home/filippo/catkin_ws/devel/share/path_navigation_msgs/msg/PathExecutionGoal.msg
Symlinking /home/filippo/catkin_ws/devel/share/path_navigation_msgs/msg/PathExecutionFeedback.msg
Symlinking /home/filippo/catkin_ws/devel/share/path_navigation_msgs/msg/PathExecutionActionFeedback.msg
Symlinking /home/filippo/catkin_ws/devel/share/roseus/ros/path_navigation_msgs/manifest.l
Symlinking /home/filippo/catkin_ws/devel/share/roseus/ros/path_navigation_msgs/msg/TransformPathExecutionGoal.l
Symlinking /home/filippo/catkin_ws/devel/share/roseus/ros/path_navigation_msgs/msg/TransformPathExecutionActionFeedback.l
Symlinking /home/filippo/catkin_ws/devel/share/roseus/ros/path_navigation_msgs/msg/PathExecutionAction.l
Symlinking /home/filippo/catkin_ws/devel/share/roseus/ros/path_navigation_msgs/msg/TransformPathExecutionAction.l
Symlinking /home/filippo/catkin_ws/devel/share/roseus/ros/path_navigation_msgs/msg/TransformPathExecutionFeedback.l
Symlinking /home/filippo/catkin_ws/devel/share/roseus/ros/path_navigation_msgs/msg/PathExecutionActionFeedback.l
Symlinking /home/filippo/catkin_ws/devel/share/roseus/ros/path_navigation_msgs/msg/TransformPathExecutionActionGoal.l
Symlinking /home/filippo/catkin_ws/devel/share/roseus/ros/path_navigation_msgs/msg/TransformPathExecutionActionResult.l
Symlinking /home/filippo/catkin_ws/devel/share/roseus/ros/path_navigation_msgs/msg/PathExecutionActionResult.l
Symlinking /home/filippo/catkin_ws/devel/share/roseus/ros/path_navigation_msgs/msg/PathExecutionResult.l
Symlinking /home/filippo/catkin_ws/devel/share/roseus/ros/path_navigation_msgs/msg/PathExecutionActionGoal.l
Symlinking /home/filippo/catkin_ws/devel/share/roseus/ros/path_navigation_msgs/msg/PathExecutionGoal.l
Symlinking /home/filippo/catkin_ws/devel/share/roseus/ros/path_navigation_msgs/msg/PathExecutionFeedback.l
Symlinking /home/filippo/catkin_ws/devel/share/roseus/ros/path_navigation_msgs/msg/TransformPathExecutionResult.l
Symlinking /home/filippo/catkin_ws/devel/include/path_navigation_msgs/PathExecutionGoal.h
Symlinking /home/filippo/catkin_ws/devel/include/path_navigation_msgs/TransformPathExecutionActionGoal.h
Symlinking /home/filippo/catkin_ws/devel/include/path_navigation_msgs/PathExecutionAction.h
Symlinking /home/filippo/catkin_ws/devel/include/path_navigation_msgs/TransformPathExecutionActionResult.h
Symlinking /home/filippo/catkin_ws/devel/include/path_navigation_msgs/PathExecutionResult.h
Symlinking /home/filippo/catkin_ws/devel/include/path_navigation_msgs/PathExecutionActionFeedback.h
Symlinking /home/filippo/catkin_ws/devel/include/path_navigation_msgs/TransformPathExecutionFeedback.h
Symlinking /home/filippo/catkin_ws/devel/include/path_navigation_msgs/TransformPathExecutionGoal.h
Symlinking /home/filippo/catkin_ws/devel/include/path_navigation_msgs/PathExecutionActionResult.h
Symlinking /home/filippo/catkin_ws/devel/include/path_navigation_msgs/PathExecutionFeedback.h
Symlinking /home/filippo/catkin_ws/devel/include/path_navigation_msgs/TransformPathExecutionAction.h
Symlinking /home/filippo/catkin_ws/devel/include/path_navigation_msgs/TransformPathExecutionResult.h
Symlinking /home/filippo/catkin_ws/devel/include/path_navigation_msgs/TransformPathExecutionActionFeedback.h
Symlinking /home/filippo/catkin_ws/devel/include/path_navigation_msgs/PathExecutionActionGoal.h
Symlinking /home/filippo/catkin_ws/devel/lib/python2.7/dist-packages/path_navigation_msgs/__init__.py
Symlinking /home/filippo/catkin_ws/devel/lib/python2.7/dist-packages/path_navigation_msgs/msg/_TransformPathExecutionActionFeedback.py
Symlinking /home/filippo/catkin_ws/devel/lib/python2.7/dist-packages/path_navigation_msgs/msg/_TransformPathExecutionGoal.py
Symlinking /home/filippo/catkin_ws/devel/lib/python2.7/dist-packages/path_navigation_msgs/msg/_PathExecutionGoal.py
Symlinking /home/filippo/catkin_ws/devel/lib/python2.7/dist-packages/path_navigation_msgs/msg/_PathExecutionActionFeedback.py
Symlinking /home/filippo/catkin_ws/devel/lib/python2.7/dist-packages/path_navigation_msgs/msg/_TransformPathExecutionAction.py
Symlinking /home/filippo/catkin_ws/devel/lib/python2.7/dist-packages/path_navigation_msgs/msg/_TransformPathExecutionActionGoal.py
Symlinking /home/filippo/catkin_ws/devel/lib/python2.7/dist-packages/path_navigation_msgs/msg/_TransformPathExecutionActionResult.py
Symlinking /home/filippo/catkin_ws/devel/lib/python2.7/dist-packages/path_navigation_msgs/msg/__init__.py
Symlinking /home/filippo/catkin_ws/devel/lib/python2.7/dist-packages/path_navigation_msgs/msg/_TransformPathExecutionFeedback.py
Symlinking /home/filippo/catkin_ws/devel/lib/python2.7/dist-packages/path_navigation_msgs/msg/_PathExecutionFeedback.py
Symlinking /home/filippo/catkin_ws/devel/lib/python2.7/dist-packages/path_navigation_msgs/msg/_PathExecutionAction.py
Symlinking /home/filippo/catkin_ws/devel/lib/python2.7/dist-packages/path_navigation_msgs/msg/_PathExecutionActionResult.py
Symlinking /home/filippo/catkin_ws/devel/lib/python2.7/dist-packages/path_navigation_msgs/msg/_PathExecutionActionGoal.py
Symlinking /home/filippo/catkin_ws/devel/lib/python2.7/dist-packages/path_navigation_msgs/msg/_TransformPathExecutionResult.py
Symlinking /home/filippo/catkin_ws/devel/lib/python2.7/dist-packages/path_navigation_msgs/msg/_PathExecutionResult.py
Symlinking /home/filippo/catkin_ws/devel/lib/pkgconfig/path_navigation_msgs.pc
