Determining if the pthread_create exist failed with the following output:
Change Dir: /home/filippo/catkin_ws/build/hello_ros_moveit_config/CMakeFiles/CMakeTmp

Run Build Command:"/usr/bin/make" "cmTC_1512c/fast"
/usr/bin/make -f CMakeFiles/cmTC_1512c.dir/build.make CMakeFiles/cmTC_1512c.dir/build
make[1]: Entering directory '/home/filippo/catkin_ws/build/hello_ros_moveit_config/CMakeFiles/CMakeTmp'
Building C object CMakeFiles/cmTC_1512c.dir/CheckSymbolExists.c.o
/usr/bin/cc    -o CMakeFiles/cmTC_1512c.dir/CheckSymbolExists.c.o   -c /home/filippo/catkin_ws/build/hello_ros_moveit_config/CMakeFiles/CMakeTmp/CheckSymbolExists.c
Linking C executable cmTC_1512c
/usr/bin/cmake -E cmake_link_script CMakeFiles/cmTC_1512c.dir/link.txt --verbose=1
/usr/bin/cc      -rdynamic CMakeFiles/cmTC_1512c.dir/CheckSymbolExists.c.o  -o cmTC_1512c 
CMakeFiles/cmTC_1512c.dir/CheckSymbolExists.c.o: In function `main':
CheckSymbolExists.c:(.text+0x1b): undefined reference to `pthread_create'
collect2: error: ld returned 1 exit status
CMakeFiles/cmTC_1512c.dir/build.make:97: recipe for target 'cmTC_1512c' failed
make[1]: *** [cmTC_1512c] Error 1
make[1]: Leaving directory '/home/filippo/catkin_ws/build/hello_ros_moveit_config/CMakeFiles/CMakeTmp'
Makefile:126: recipe for target 'cmTC_1512c/fast' failed
make: *** [cmTC_1512c/fast] Error 2

File /home/filippo/catkin_ws/build/hello_ros_moveit_config/CMakeFiles/CMakeTmp/CheckSymbolExists.c:
/* */
#include <pthread.h>

int main(int argc, char** argv)
{
  (void)argv;
#ifndef pthread_create
  return ((int*)(&pthread_create))[argc];
#else
  (void)argc;
  return 0;
#endif
}

Determining if the function pthread_create exists in the pthreads failed with the following output:
Change Dir: /home/filippo/catkin_ws/build/hello_ros_moveit_config/CMakeFiles/CMakeTmp

Run Build Command:"/usr/bin/make" "cmTC_24a50/fast"
/usr/bin/make -f CMakeFiles/cmTC_24a50.dir/build.make CMakeFiles/cmTC_24a50.dir/build
make[1]: Entering directory '/home/filippo/catkin_ws/build/hello_ros_moveit_config/CMakeFiles/CMakeTmp'
Building C object CMakeFiles/cmTC_24a50.dir/CheckFunctionExists.c.o
/usr/bin/cc   -DCHECK_FUNCTION_EXISTS=pthread_create   -o CMakeFiles/cmTC_24a50.dir/CheckFunctionExists.c.o   -c /usr/share/cmake-3.10/Modules/CheckFunctionExists.c
Linking C executable cmTC_24a50
/usr/bin/cmake -E cmake_link_script CMakeFiles/cmTC_24a50.dir/link.txt --verbose=1
/usr/bin/cc  -DCHECK_FUNCTION_EXISTS=pthread_create    -rdynamic CMakeFiles/cmTC_24a50.dir/CheckFunctionExists.c.o  -o cmTC_24a50 -lpthreads 
/usr/bin/ld: cannot find -lpthreads
collect2: error: ld returned 1 exit status
CMakeFiles/cmTC_24a50.dir/build.make:97: recipe for target 'cmTC_24a50' failed
make[1]: *** [cmTC_24a50] Error 1
make[1]: Leaving directory '/home/filippo/catkin_ws/build/hello_ros_moveit_config/CMakeFiles/CMakeTmp'
Makefile:126: recipe for target 'cmTC_24a50/fast' failed
make: *** [cmTC_24a50/fast] Error 2


