Determining if the pthread_create exist failed with the following output:
Change Dir: /home/filippo/catkin_ws/build/object_msgs/CMakeFiles/CMakeTmp

Run Build Command:"/usr/bin/make" "cmTC_bd966/fast"
/usr/bin/make -f CMakeFiles/cmTC_bd966.dir/build.make CMakeFiles/cmTC_bd966.dir/build
make[1]: Entering directory '/home/filippo/catkin_ws/build/object_msgs/CMakeFiles/CMakeTmp'
Building C object CMakeFiles/cmTC_bd966.dir/CheckSymbolExists.c.o
/usr/bin/cc    -o CMakeFiles/cmTC_bd966.dir/CheckSymbolExists.c.o   -c /home/filippo/catkin_ws/build/object_msgs/CMakeFiles/CMakeTmp/CheckSymbolExists.c
Linking C executable cmTC_bd966
/usr/bin/cmake -E cmake_link_script CMakeFiles/cmTC_bd966.dir/link.txt --verbose=1
/usr/bin/cc      -rdynamic CMakeFiles/cmTC_bd966.dir/CheckSymbolExists.c.o  -o cmTC_bd966 
CMakeFiles/cmTC_bd966.dir/CheckSymbolExists.c.o: In function `main':
CheckSymbolExists.c:(.text+0x1b): undefined reference to `pthread_create'
collect2: error: ld returned 1 exit status
CMakeFiles/cmTC_bd966.dir/build.make:97: recipe for target 'cmTC_bd966' failed
make[1]: *** [cmTC_bd966] Error 1
make[1]: Leaving directory '/home/filippo/catkin_ws/build/object_msgs/CMakeFiles/CMakeTmp'
Makefile:126: recipe for target 'cmTC_bd966/fast' failed
make: *** [cmTC_bd966/fast] Error 2

File /home/filippo/catkin_ws/build/object_msgs/CMakeFiles/CMakeTmp/CheckSymbolExists.c:
/* */
#include <pthread.h>

int main(int argc, char** argv)
{
  (void)argv;
#ifndef pthread_create
  return ((int*)(&pthread_create))[argc];
#else
  (void)argc;
  return 0;
#endif
}

Determining if the function pthread_create exists in the pthreads failed with the following output:
Change Dir: /home/filippo/catkin_ws/build/object_msgs/CMakeFiles/CMakeTmp

Run Build Command:"/usr/bin/make" "cmTC_b41c2/fast"
/usr/bin/make -f CMakeFiles/cmTC_b41c2.dir/build.make CMakeFiles/cmTC_b41c2.dir/build
make[1]: Entering directory '/home/filippo/catkin_ws/build/object_msgs/CMakeFiles/CMakeTmp'
Building C object CMakeFiles/cmTC_b41c2.dir/CheckFunctionExists.c.o
/usr/bin/cc   -DCHECK_FUNCTION_EXISTS=pthread_create   -o CMakeFiles/cmTC_b41c2.dir/CheckFunctionExists.c.o   -c /usr/share/cmake-3.10/Modules/CheckFunctionExists.c
Linking C executable cmTC_b41c2
/usr/bin/cmake -E cmake_link_script CMakeFiles/cmTC_b41c2.dir/link.txt --verbose=1
/usr/bin/cc  -DCHECK_FUNCTION_EXISTS=pthread_create    -rdynamic CMakeFiles/cmTC_b41c2.dir/CheckFunctionExists.c.o  -o cmTC_b41c2 -lpthreads 
/usr/bin/ld: cannot find -lpthreads
collect2: error: ld returned 1 exit status
CMakeFiles/cmTC_b41c2.dir/build.make:97: recipe for target 'cmTC_b41c2' failed
make[1]: *** [cmTC_b41c2] Error 1
make[1]: Leaving directory '/home/filippo/catkin_ws/build/object_msgs/CMakeFiles/CMakeTmp'
Makefile:126: recipe for target 'cmTC_b41c2/fast' failed
make: *** [cmTC_b41c2/fast] Error 2


