Determining if the pthread_create exist failed with the following output:
Change Dir: /home/filippo/catkin_ws/build/jaco_description/CMakeFiles/CMakeTmp

Run Build Command:"/usr/bin/make" "cmTC_0b944/fast"
/usr/bin/make -f CMakeFiles/cmTC_0b944.dir/build.make CMakeFiles/cmTC_0b944.dir/build
make[1]: Entering directory '/home/filippo/catkin_ws/build/jaco_description/CMakeFiles/CMakeTmp'
Building C object CMakeFiles/cmTC_0b944.dir/CheckSymbolExists.c.o
/usr/bin/cc    -o CMakeFiles/cmTC_0b944.dir/CheckSymbolExists.c.o   -c /home/filippo/catkin_ws/build/jaco_description/CMakeFiles/CMakeTmp/CheckSymbolExists.c
Linking C executable cmTC_0b944
/usr/bin/cmake -E cmake_link_script CMakeFiles/cmTC_0b944.dir/link.txt --verbose=1
/usr/bin/cc      -rdynamic CMakeFiles/cmTC_0b944.dir/CheckSymbolExists.c.o  -o cmTC_0b944 
CMakeFiles/cmTC_0b944.dir/CheckSymbolExists.c.o: In function `main':
CheckSymbolExists.c:(.text+0x1b): undefined reference to `pthread_create'
collect2: error: ld returned 1 exit status
CMakeFiles/cmTC_0b944.dir/build.make:97: recipe for target 'cmTC_0b944' failed
make[1]: *** [cmTC_0b944] Error 1
make[1]: Leaving directory '/home/filippo/catkin_ws/build/jaco_description/CMakeFiles/CMakeTmp'
Makefile:126: recipe for target 'cmTC_0b944/fast' failed
make: *** [cmTC_0b944/fast] Error 2

File /home/filippo/catkin_ws/build/jaco_description/CMakeFiles/CMakeTmp/CheckSymbolExists.c:
/* */
#include <pthread.h>

int main(int argc, char** argv)
{
  (void)argv;
#ifndef pthread_create
  return ((int*)(&pthread_create))[argc];
#else
  (void)argc;
  return 0;
#endif
}

Determining if the function pthread_create exists in the pthreads failed with the following output:
Change Dir: /home/filippo/catkin_ws/build/jaco_description/CMakeFiles/CMakeTmp

Run Build Command:"/usr/bin/make" "cmTC_571c6/fast"
/usr/bin/make -f CMakeFiles/cmTC_571c6.dir/build.make CMakeFiles/cmTC_571c6.dir/build
make[1]: Entering directory '/home/filippo/catkin_ws/build/jaco_description/CMakeFiles/CMakeTmp'
Building C object CMakeFiles/cmTC_571c6.dir/CheckFunctionExists.c.o
/usr/bin/cc   -DCHECK_FUNCTION_EXISTS=pthread_create   -o CMakeFiles/cmTC_571c6.dir/CheckFunctionExists.c.o   -c /usr/share/cmake-3.10/Modules/CheckFunctionExists.c
Linking C executable cmTC_571c6
/usr/bin/cmake -E cmake_link_script CMakeFiles/cmTC_571c6.dir/link.txt --verbose=1
/usr/bin/cc  -DCHECK_FUNCTION_EXISTS=pthread_create    -rdynamic CMakeFiles/cmTC_571c6.dir/CheckFunctionExists.c.o  -o cmTC_571c6 -lpthreads 
/usr/bin/ld: cannot find -lpthreads
collect2: error: ld returned 1 exit status
CMakeFiles/cmTC_571c6.dir/build.make:97: recipe for target 'cmTC_571c6' failed
make[1]: *** [cmTC_571c6] Error 1
make[1]: Leaving directory '/home/filippo/catkin_ws/build/jaco_description/CMakeFiles/CMakeTmp'
Makefile:126: recipe for target 'cmTC_571c6/fast' failed
make: *** [cmTC_571c6/fast] Error 2


